<?xml version="1.0" encoding="UTF-8"?>
<!-- Generated by org.testng.reporters.JUnitXMLReporter -->
<testsuite hostname="LIN20001379" ignored="0" name="Test" tests="6" failures="0" timestamp="22 Apr 2020 08:25:39 GMT" time="0.027" errors="0">
  <testcase name="AppiumTestFirst" time="0.004" classname="MavenDemoProject.AppiumTest"/>
  <testcase name="AppiumTestSecond" time="0.0" classname="MavenDemoProject.AppiumTest"/>
  <testcase name="RestATestFirst" time="0.0" classname="MavenDemoProject.RestAssuredAPITest"/>
  <testcase name="RestATestSecond" time="0.0" classname="MavenDemoProject.RestAssuredAPITest"/>
  <testcase name="SeleniumFirst" time="0.0" classname="MavenDemoProject.SeleniumTest"/>
  <testcase name="SeleniumSecond" time="0.0" classname="MavenDemoProject.SeleniumTest"/>
</testsuite> <!-- Test -->
